<?xml version="1.0" encoding="UTF-8"?>
<!-- Generated by org.testng.reporters.JUnitXMLReporter -->
<testsuite ignored="0" hostname="LAPTOP-DJR9VIKB" failures="0" tests="4" name="Test" time="0.054" errors="0" timestamp="2023-03-10T14:57:02 IST">
  <testcase classname="com.socialmedia.PracticeClass2" name="practiceClass1" time="0.009"/>
  <testcase classname="com.socialmedia.PracticeClass2" name="practiceClass2" time="0.0"/>
  <testcase classname="com.socialmedia.PracticeClass1" name="practiceClass1" time="0.001"/>
  <testcase classname="com.socialmedia.PracticeClass1" name="practiceClass2" time="0.001"/>
</testsuite> <!-- Test -->
