<?xml version="1.0" encoding="UTF-8"?>
<!-- Generated by org.testng.reporters.JUnitXMLReporter -->
<testsuite ignored="0" hostname="LAPTOP-DJR9VIKB" failures="0" tests="4" name="Test" time="0.073" errors="0" timestamp="2023-03-10T15:25:24 IST">
  <testcase classname="com.socialmedia.PracticeClass2test" name="practiceClass1" time="0.01"/>
  <testcase classname="com.socialmedia.PracticeClass2test" name="practiceClass2" time="0.001"/>
  <testcase classname="com.socialmedia.PracticeClass1test" name="practiceClass1" time="0.001"/>
  <testcase classname="com.socialmedia.PracticeClass1test" name="practiceClass2" time="0.001"/>
</testsuite> <!-- Test -->
