<?xml version="1.0" encoding="UTF-8"?>
<!-- Generated by org.testng.reporters.JUnitXMLReporter -->
<testsuite hostname="LAPTOP-DJR9VIKB" ignored="0" name="Test" tests="4" failures="0" timestamp="2023-03-10T15:31:01 IST" time="0.031" errors="0">
  <testcase name="practiceClass1" time="0.0" classname="com.socialmedia.PracticeClass2test"/>
  <testcase name="practiceClass2" time="0.0" classname="com.socialmedia.PracticeClass2test"/>
  <testcase name="practiceClass1" time="0.0" classname="com.socialmedia.PracticeClass1test"/>
  <testcase name="practiceClass2" time="0.0" classname="com.socialmedia.PracticeClass1test"/>
</testsuite> <!-- Test -->
