<?xml version="1.0" encoding="UTF-8"?>
<testng-results skipped="0" failed="0" ignored="0" total="4" passed="4">
  <reporter-output>
  </reporter-output>
  <suite name="Suite" duration-ms="31" started-at="2023-03-10T15:31:01 IST" finished-at="2023-03-10T15:31:01 IST">
    <groups>
    </groups>
    <test name="Test" duration-ms="31" started-at="2023-03-10T15:31:01 IST" finished-at="2023-03-10T15:31:01 IST">
      <class name="com.socialmedia.PracticeClass2test">
        <test-method status="PASS" signature="practiceClass1()[pri:0, instance:com.socialmedia.PracticeClass2test@5e853265]" name="practiceClass1" duration-ms="0" started-at="2023-03-10T15:31:01 IST" finished-at="2023-03-10T15:31:01 IST">
          <reporter-output>
          </reporter-output>
        </test-method> <!-- practiceClass1 -->
        <test-method status="PASS" signature="practiceClass2()[pri:0, instance:com.socialmedia.PracticeClass2test@5e853265]" name="practiceClass2" duration-ms="0" started-at="2023-03-10T15:31:01 IST" finished-at="2023-03-10T15:31:01 IST">
          <reporter-output>
          </reporter-output>
        </test-method> <!-- practiceClass2 -->
      </class> <!-- com.socialmedia.PracticeClass2test -->
      <class name="com.socialmedia.PracticeClass1test">
        <test-method status="PASS" signature="practiceClass1()[pri:0, instance:com.socialmedia.PracticeClass1test@26aa12dd]" name="practiceClass1" duration-ms="0" started-at="2023-03-10T15:31:01 IST" finished-at="2023-03-10T15:31:01 IST">
          <reporter-output>
          </reporter-output>
        </test-method> <!-- practiceClass1 -->
        <test-method status="PASS" signature="practiceClass2()[pri:0, instance:com.socialmedia.PracticeClass1test@26aa12dd]" name="practiceClass2" duration-ms="0" started-at="2023-03-10T15:31:01 IST" finished-at="2023-03-10T15:31:01 IST">
          <reporter-output>
          </reporter-output>
        </test-method> <!-- practiceClass2 -->
      </class> <!-- com.socialmedia.PracticeClass1test -->
    </test> <!-- Test -->
  </suite> <!-- Suite -->
</testng-results>
