<?xml version="1.0" encoding="UTF-8"?>
<testng-results ignored="0" total="4" passed="4" failed="0" skipped="0">
  <reporter-output>
  </reporter-output>
  <suite started-at="2023-03-10T15:25:24 IST" name="Suite" finished-at="2023-03-10T15:25:24 IST" duration-ms="73">
    <groups>
    </groups>
    <test started-at="2023-03-10T15:25:24 IST" name="Test" finished-at="2023-03-10T15:25:24 IST" duration-ms="73">
      <class name="com.socialmedia.PracticeClass2test">
        <test-method signature="practiceClass1()[pri:0, instance:com.socialmedia.PracticeClass2test@272ed83b]" started-at="2023-03-10T15:25:24 IST" name="practiceClass1" finished-at="2023-03-10T15:25:24 IST" duration-ms="10" status="PASS">
          <reporter-output>
          </reporter-output>
        </test-method> <!-- practiceClass1 -->
        <test-method signature="practiceClass2()[pri:0, instance:com.socialmedia.PracticeClass2test@272ed83b]" started-at="2023-03-10T15:25:24 IST" name="practiceClass2" finished-at="2023-03-10T15:25:24 IST" duration-ms="1" status="PASS">
          <reporter-output>
          </reporter-output>
        </test-method> <!-- practiceClass2 -->
      </class> <!-- com.socialmedia.PracticeClass2test -->
      <class name="com.socialmedia.PracticeClass1test">
        <test-method signature="practiceClass1()[pri:0, instance:com.socialmedia.PracticeClass1test@6a84a97d]" started-at="2023-03-10T15:25:24 IST" name="practiceClass1" finished-at="2023-03-10T15:25:24 IST" duration-ms="1" status="PASS">
          <reporter-output>
          </reporter-output>
        </test-method> <!-- practiceClass1 -->
        <test-method signature="practiceClass2()[pri:0, instance:com.socialmedia.PracticeClass1test@6a84a97d]" started-at="2023-03-10T15:25:24 IST" name="practiceClass2" finished-at="2023-03-10T15:25:24 IST" duration-ms="1" status="PASS">
          <reporter-output>
          </reporter-output>
        </test-method> <!-- practiceClass2 -->
      </class> <!-- com.socialmedia.PracticeClass1test -->
    </test> <!-- Test -->
  </suite> <!-- Suite -->
</testng-results>
