<?xml version="1.0" encoding="UTF-8"?>
<testng-results ignored="0" total="4" passed="4" failed="0" skipped="0">
  <reporter-output>
  </reporter-output>
  <suite started-at="2023-03-10T14:57:02 IST" name="Suite" finished-at="2023-03-10T14:57:02 IST" duration-ms="54">
    <groups>
    </groups>
    <test started-at="2023-03-10T14:57:02 IST" name="Test" finished-at="2023-03-10T14:57:02 IST" duration-ms="54">
      <class name="com.socialmedia.PracticeClass2">
        <test-method signature="practiceClass1()[pri:0, instance:com.socialmedia.PracticeClass2@41fecb8b]" started-at="2023-03-10T14:57:02 IST" name="practiceClass1" finished-at="2023-03-10T14:57:02 IST" duration-ms="9" status="PASS">
          <reporter-output>
          </reporter-output>
        </test-method> <!-- practiceClass1 -->
        <test-method signature="practiceClass2()[pri:0, instance:com.socialmedia.PracticeClass2@41fecb8b]" started-at="2023-03-10T14:57:02 IST" name="practiceClass2" finished-at="2023-03-10T14:57:02 IST" duration-ms="0" status="PASS">
          <reporter-output>
          </reporter-output>
        </test-method> <!-- practiceClass2 -->
      </class> <!-- com.socialmedia.PracticeClass2 -->
      <class name="com.socialmedia.PracticeClass1">
        <test-method signature="practiceClass1()[pri:0, instance:com.socialmedia.PracticeClass1@6c130c45]" started-at="2023-03-10T14:57:02 IST" name="practiceClass1" finished-at="2023-03-10T14:57:02 IST" duration-ms="1" status="PASS">
          <reporter-output>
          </reporter-output>
        </test-method> <!-- practiceClass1 -->
        <test-method signature="practiceClass2()[pri:0, instance:com.socialmedia.PracticeClass1@6c130c45]" started-at="2023-03-10T14:57:02 IST" name="practiceClass2" finished-at="2023-03-10T14:57:02 IST" duration-ms="1" status="PASS">
          <reporter-output>
          </reporter-output>
        </test-method> <!-- practiceClass2 -->
      </class> <!-- com.socialmedia.PracticeClass1 -->
    </test> <!-- Test -->
  </suite> <!-- Suite -->
</testng-results>
